<?xml version="1.0" encoding="UTF-8"?>
<!-- Generated by org.testng.reporters.JUnitReportReporter -->
<testsuite hostname="IN002ZLK" failures="0" tests="1" name="TestNGparallel.ChromeClass" time="8.282" errors="0" timestamp="2024-02-20T20:06:17 IST" skipped="0">
  <testcase classname="TestNGparallel.ChromeClass" name="method" time="8.282"/>
  <system-out/>
</testsuite> <!-- TestNGparallel.ChromeClass -->
