<?xml version="1.0" encoding="UTF-8"?>
<!-- Generated by org.testng.reporters.JUnitReportReporter -->
<testsuite hostname="IN002ZLK" failures="0" tests="1" name="Java.test.FindAllSearchedItem" time="9.122" errors="0" timestamp="2024-02-20T00:13:32 IST" skipped="0">
  <testcase classname="Java.test.FindAllSearchedItem" name="method" time="9.122"/>
  <system-out/>
</testsuite> <!-- Java.test.FindAllSearchedItem -->
