<?xml version="1.0" encoding="UTF-8"?>
<!-- Generated by org.testng.reporters.JUnitReportReporter -->
<testsuite hostname="IN002ZLK" failures="0" tests="1" name="TestNGparallel.EdgeClass" time="18.700" errors="0" timestamp="2024-02-20T16:28:18 IST" skipped="0">
  <testcase classname="TestNGparallel.EdgeClass" name="method" time="18.700"/>
  <system-out/>
</testsuite> <!-- TestNGparallel.EdgeClass -->
