<?xml version="1.0" encoding="UTF-8"?>
<!-- Generated by org.testng.reporters.JUnitReportReporter -->
<testsuite hostname="IN002ZLK" failures="0" tests="4" name="TestNGGroup.AnnotationClass" time="0.009" errors="0" timestamp="2024-02-23T00:10:22 IST" skipped="0">
  <testcase classname="TestNGGroup.AnnotationClass" name="met3" time="0.005"/>
  <system-out/>
  <testcase classname="TestNGGroup.AnnotationClass" name="met2" time="0.001"/>
  <system-out/>
  <testcase classname="TestNGGroup.AnnotationClass" name="met4" time="0.002"/>
  <system-out/>
  <testcase classname="TestNGGroup.AnnotationClass" name="met1" time="0.001"/>
  <system-out/>
</testsuite> <!-- TestNGGroup.AnnotationClass -->
