<?xml version="1.0" encoding="UTF-8"?>
<!-- Generated by org.testng.reporters.JUnitReportReporter -->
<testsuite hostname="IN002ZLK" failures="0" tests="6" name="TestNGparallel.Paralleltest" time="0.016" errors="0" timestamp="2024-02-22T23:47:33 IST" skipped="0">
  <testcase classname="TestNGparallel.Paralleltest" name="method" time="0.001"/>
  <system-out/>
  <testcase classname="TestNGparallel.Paralleltest" name="method" time="0.001"/>
  <system-out/>
  <testcase classname="TestNGparallel.Paralleltest" name="method3" time="0.001"/>
  <system-out/>
  <testcase classname="TestNGparallel.Paralleltest" name="method" time="0.001"/>
  <system-out/>
  <testcase classname="TestNGparallel.Paralleltest" name="method" time="0.011"/>
  <system-out/>
  <testcase classname="TestNGparallel.Paralleltest" name="method2" time="0.001"/>
  <system-out/>
</testsuite> <!-- TestNGparallel.Paralleltest -->
