<?xml version="1.0" encoding="UTF-8"?>
<!-- Generated by org.testng.reporters.JUnitReportReporter -->
<testsuite hostname="IN002ZLK" failures="0" tests="1" name="Java.test.LaunchCromeBRowser" time="22.802" errors="0" timestamp="2024-02-20T16:50:49 IST" skipped="0">
  <testcase classname="Java.test.LaunchCromeBRowser" name="method" time="22.802"/>
  <system-out/>
</testsuite> <!-- Java.test.LaunchCromeBRowser -->
